2021-09-15 21:36:17.669  INFO 14 --- [main] lavalink.server.Launcher                 : 

[32m       .  [31m _                  _ _       _    [32m__ _ _
[32m      /\\ [31m| | __ ___   ____ _| (_)_ __ | | __[32m\ \ \ \
[32m     ( ( )[31m| |/ _` \ \ / / _` | | | '_ \| |/ /[32m \ \ \ \
[32m      \\/ [31m| | (_| |\ V / (_| | | | | | |   < [32m  ) ) ) )
[32m       '  [31m|_|\__,_| \_/ \__,_|_|_|_| |_|_|\_\[32m / / / /
[0m    =========================================[32m/_/_/_/[0m

	Version:        3.3.2.5
	Build:          1222
	Build time:     11.04.2021 08:07:27 UTC
	Branch          master
	Commit:         7b914f2
	Commit time:    09.04.2021 17:14:27 UTC
	JVM:            11.0.11
	Lavaplayer      1.3.76

2021-09-15 21:36:17.812  INFO 14 --- [main] lavalink.server.Launcher                 : Starting Launcher on 9c3a4b84d594 with PID 14 (/home/runner/MusicBotv3/JAVA/jdk-13.0.2/bin/Lavalink.jar started by runner in /home/runner/MusicBotv3)
2021-09-15 21:36:17.813  INFO 14 --- [main] lavalink.server.Launcher                 : No active profile set, falling back to default profiles: default
2021-09-15 21:36:18.000  WARN 14 --- [background-preinit] o.s.h.c.j.Jackson2ObjectMapperBuilder    : For Jackson Kotlin classes support please add "com.fasterxml.jackson.module:jackson-module-kotlin" to the classpath
2021-09-15 21:36:19.148  WARN 14 --- [main] io.undertow.websockets.jsr               : UT026010: Buffer pool was not set on WebSocketDeploymentInfo, the default pool will be used
2021-09-15 21:36:19.174  INFO 14 --- [main] io.undertow.servlet                      : Initializing Spring embedded WebApplicationContext
2021-09-15 21:36:19.174  INFO 14 --- [main] o.s.web.context.ContextLoader            : Root WebApplicationContext: initialization completed in 1310 ms
2021-09-15 21:36:19.565  WARN 14 --- [main] l.server.config.SentryConfiguration      : Turning off sentry
2021-09-15 21:36:19.850  INFO 14 --- [main] c.s.d.l.tools.GarbageCollectionMonitor   : GC monitoring enabled, reporting results every 2 minutes.
2021-09-15 21:36:20.096  INFO 14 --- [main] lavalink.server.config.KoeConfiguration  : OS: Linux, Arch: amd64
2021-09-15 21:36:20.097  INFO 14 --- [main] lavalink.server.config.KoeConfiguration  : Enabling JDA-NAS
2021-09-15 21:36:20.101  INFO 14 --- [main] c.s.l.c.natives.NativeLibraryLoader      : Native library udpqueue: loading with filter null
2021-09-15 21:36:20.107  INFO 14 --- [main] c.s.l.c.natives.NativeLibraryLoader      : Native library udpqueue: successfully loaded.
2021-09-15 21:36:20.368  INFO 14 --- [main] o.s.s.concurrent.ThreadPoolTaskExecutor  : Initializing ExecutorService 'applicationTaskExecutor'
2021-09-15 21:36:20.656  INFO 14 --- [main] org.xnio                                 : XNIO version 3.3.8.Final
2021-09-15 21:36:20.667  INFO 14 --- [main] org.xnio.nio                             : XNIO NIO Implementation Version 3.3.8.Final
2021-09-15 21:36:20.732  INFO 14 --- [main] o.s.b.w.e.u.UndertowServletWebServer     : Undertow started on port(s) 2333 (http) with context path ''
2021-09-15 21:36:20.737  INFO 14 --- [main] lavalink.server.Launcher                 : Started Launcher in 3.645 seconds (JVM running for 4.253)
2021-09-15 21:36:20.739  INFO 14 --- [main] lavalink.server.Launcher                 : You can safely ignore the big red warning about illegal reflection. See https://github.com/Frederikam/Lavalink/issues/295
2021-09-15 21:36:39.184  INFO 61 --- [main] lavalink.server.Launcher                 : 

[32m       .  [31m _                  _ _       _    [32m__ _ _
[32m      /\\ [31m| | __ ___   ____ _| (_)_ __ | | __[32m\ \ \ \
[32m     ( ( )[31m| |/ _` \ \ / / _` | | | '_ \| |/ /[32m \ \ \ \
[32m      \\/ [31m| | (_| |\ V / (_| | | | | | |   < [32m  ) ) ) )
[32m       '  [31m|_|\__,_| \_/ \__,_|_|_|_| |_|_|\_\[32m / / / /
[0m    =========================================[32m/_/_/_/[0m

	Version:        3.3.2.5
	Build:          1222
	Build time:     11.04.2021 08:07:27 UTC
	Branch          master
	Commit:         7b914f2
	Commit time:    09.04.2021 17:14:27 UTC
	JVM:            11.0.11
	Lavaplayer      1.3.76

2021-09-15 21:36:39.324  INFO 61 --- [main] lavalink.server.Launcher                 : Starting Launcher on 9c3a4b84d594 with PID 61 (/home/runner/MusicBotv3/JAVA/jdk-13.0.2/bin/Lavalink.jar started by runner in /home/runner/MusicBotv3)
2021-09-15 21:36:39.325  INFO 61 --- [main] lavalink.server.Launcher                 : No active profile set, falling back to default profiles: default
2021-09-15 21:36:39.442  WARN 61 --- [background-preinit] o.s.h.c.j.Jackson2ObjectMapperBuilder    : For Jackson Kotlin classes support please add "com.fasterxml.jackson.module:jackson-module-kotlin" to the classpath
2021-09-15 21:36:40.715  WARN 61 --- [main] io.undertow.websockets.jsr               : UT026010: Buffer pool was not set on WebSocketDeploymentInfo, the default pool will be used
2021-09-15 21:36:40.753  INFO 61 --- [main] io.undertow.servlet                      : Initializing Spring embedded WebApplicationContext
2021-09-15 21:36:40.754  INFO 61 --- [main] o.s.web.context.ContextLoader            : Root WebApplicationContext: initialization completed in 1365 ms
2021-09-15 21:36:41.210  WARN 61 --- [main] l.server.config.SentryConfiguration      : Turning off sentry
2021-09-15 21:36:41.583  INFO 61 --- [main] c.s.d.l.tools.GarbageCollectionMonitor   : GC monitoring enabled, reporting results every 2 minutes.
2021-09-15 21:36:41.847  INFO 61 --- [main] lavalink.server.config.KoeConfiguration  : OS: Linux, Arch: amd64
2021-09-15 21:36:41.848  INFO 61 --- [main] lavalink.server.config.KoeConfiguration  : Enabling JDA-NAS
2021-09-15 21:36:41.854  INFO 61 --- [main] c.s.l.c.natives.NativeLibraryLoader      : Native library udpqueue: loading with filter null
2021-09-15 21:36:41.859  INFO 61 --- [main] c.s.l.c.natives.NativeLibraryLoader      : Native library udpqueue: successfully loaded.
2021-09-15 21:36:42.192  INFO 61 --- [main] o.s.s.concurrent.ThreadPoolTaskExecutor  : Initializing ExecutorService 'applicationTaskExecutor'
2021-09-15 21:36:42.496  INFO 61 --- [main] org.xnio                                 : XNIO version 3.3.8.Final
2021-09-15 21:36:42.525  INFO 61 --- [main] org.xnio.nio                             : XNIO NIO Implementation Version 3.3.8.Final
2021-09-15 21:36:42.594  INFO 61 --- [main] ConditionEvaluationReportLoggingListener : 

Error starting ApplicationContext. To display the conditions report re-run your application with 'debug' enabled.
2021-09-15 21:36:42.598 ERROR 61 --- [main] lavalink.server.Launcher                 : Application failed

org.springframework.boot.web.server.PortInUseException: Port 2333 is already in use
	at org.springframework.boot.web.embedded.undertow.UndertowServletWebServer.start(UndertowServletWebServer.java:154) ~[spring-boot-2.1.8.RELEASE.jar!/:2.1.8.RELEASE]
	at org.springframework.boot.web.servlet.context.ServletWebServerApplicationContext.startWebServer(ServletWebServerApplicationContext.java:297) ~[spring-boot-2.1.8.RELEASE.jar!/:2.1.8.RELEASE]
	at org.springframework.boot.web.servlet.context.ServletWebServerApplicationContext.finishRefresh(ServletWebServerApplicationContext.java:163) ~[spring-boot-2.1.8.RELEASE.jar!/:2.1.8.RELEASE]
	at org.springframework.context.support.AbstractApplicationContext.refresh(AbstractApplicationContext.java:552) ~[spring-context-5.1.9.RELEASE.jar!/:5.1.9.RELEASE]
	at org.springframework.boot.web.servlet.context.ServletWebServerApplicationContext.refresh(ServletWebServerApplicationContext.java:141) ~[spring-boot-2.1.8.RELEASE.jar!/:2.1.8.RELEASE]
	at org.springframework.boot.SpringApplication.refresh(SpringApplication.java:744) ~[spring-boot-2.1.8.RELEASE.jar!/:2.1.8.RELEASE]
	at org.springframework.boot.SpringApplication.refreshContext(SpringApplication.java:391) ~[spring-boot-2.1.8.RELEASE.jar!/:2.1.8.RELEASE]
	at org.springframework.boot.SpringApplication.run(SpringApplication.java:312) ~[spring-boot-2.1.8.RELEASE.jar!/:2.1.8.RELEASE]
	at lavalink.server.Launcher.main(Launcher.kt:127) ~[classes!/:na]
	at java.base/jdk.internal.reflect.NativeMethodAccessorImpl.invoke0(Native Method) ~[na:na]
	at java.base/jdk.internal.reflect.NativeMethodAccessorImpl.invoke(NativeMethodAccessorImpl.java:62) ~[na:na]
	at java.base/jdk.internal.reflect.DelegatingMethodAccessorImpl.invoke(DelegatingMethodAccessorImpl.java:43) ~[na:na]
	at java.base/java.lang.reflect.Method.invoke(Method.java:566) ~[na:na]
	at org.springframework.boot.loader.MainMethodRunner.run(MainMethodRunner.java:48) ~[Lavalink.jar:na]
	at org.springframework.boot.loader.Launcher.launch(Launcher.java:87) ~[Lavalink.jar:na]
	at org.springframework.boot.loader.Launcher.launch(Launcher.java:51) ~[Lavalink.jar:na]
	at org.springframework.boot.loader.JarLauncher.main(JarLauncher.java:52) ~[Lavalink.jar:na]

2021-09-15 21:36:42.601 ERROR 61 --- [main] o.s.b.d.LoggingFailureAnalysisReporter   : 

***************************
APPLICATION FAILED TO START
***************************

Description:

Web server failed to start. Port 2333 was already in use.

Action:

Identify and stop the process that's listening on port 2333 or configure this application to listen on another port.

2021-09-15 21:36:42.604  INFO 61 --- [main] o.s.s.concurrent.ThreadPoolTaskExecutor  : Shutting down ExecutorService 'applicationTaskExecutor'
2021-09-15 21:36:42.605  INFO 61 --- [main] c.s.d.l.tools.GarbageCollectionMonitor   : GC monitoring disabled.
2021-09-15 21:37:32.668  INFO 132 --- [main] lavalink.server.Launcher                 : 

[32m       .  [31m _                  _ _       _    [32m__ _ _
[32m      /\\ [31m| | __ ___   ____ _| (_)_ __ | | __[32m\ \ \ \
[32m     ( ( )[31m| |/ _` \ \ / / _` | | | '_ \| |/ /[32m \ \ \ \
[32m      \\/ [31m| | (_| |\ V / (_| | | | | | |   < [32m  ) ) ) )
[32m       '  [31m|_|\__,_| \_/ \__,_|_|_|_| |_|_|\_\[32m / / / /
[0m    =========================================[32m/_/_/_/[0m

	Version:        3.3.2.5
	Build:          1222
	Build time:     11.04.2021 08:07:27 UTC
	Branch          master
	Commit:         7b914f2
	Commit time:    09.04.2021 17:14:27 UTC
	JVM:            11.0.11
	Lavaplayer      1.3.76

2021-09-15 21:37:32.803  INFO 132 --- [main] lavalink.server.Launcher                 : Starting Launcher on 9c3a4b84d594 with PID 132 (/home/runner/MusicBotv3/JAVA/jdk-13.0.2/bin/Lavalink.jar started by runner in /home/runner/MusicBotv3)
2021-09-15 21:37:32.804  INFO 132 --- [main] lavalink.server.Launcher                 : No active profile set, falling back to default profiles: default
2021-09-15 21:37:33.024  WARN 132 --- [background-preinit] o.s.h.c.j.Jackson2ObjectMapperBuilder    : For Jackson Kotlin classes support please add "com.fasterxml.jackson.module:jackson-module-kotlin" to the classpath
2021-09-15 21:37:34.715  WARN 132 --- [main] io.undertow.websockets.jsr               : UT026010: Buffer pool was not set on WebSocketDeploymentInfo, the default pool will be used
2021-09-15 21:37:34.762  INFO 132 --- [main] io.undertow.servlet                      : Initializing Spring embedded WebApplicationContext
2021-09-15 21:37:34.763  INFO 132 --- [main] o.s.web.context.ContextLoader            : Root WebApplicationContext: initialization completed in 1881 ms
2021-09-15 21:37:35.266  WARN 132 --- [main] l.server.config.SentryConfiguration      : Turning off sentry
2021-09-15 21:37:35.695  INFO 132 --- [main] c.s.d.l.tools.GarbageCollectionMonitor   : GC monitoring enabled, reporting results every 2 minutes.
2021-09-15 21:37:35.991  INFO 132 --- [main] lavalink.server.config.KoeConfiguration  : OS: Linux, Arch: amd64
2021-09-15 21:37:35.992  INFO 132 --- [main] lavalink.server.config.KoeConfiguration  : Enabling JDA-NAS
2021-09-15 21:37:35.996  INFO 132 --- [main] c.s.l.c.natives.NativeLibraryLoader      : Native library udpqueue: loading with filter null
2021-09-15 21:37:36.001  INFO 132 --- [main] c.s.l.c.natives.NativeLibraryLoader      : Native library udpqueue: successfully loaded.
2021-09-15 21:37:36.337  INFO 132 --- [main] o.s.s.concurrent.ThreadPoolTaskExecutor  : Initializing ExecutorService 'applicationTaskExecutor'
2021-09-15 21:37:36.699  INFO 132 --- [main] org.xnio                                 : XNIO version 3.3.8.Final
2021-09-15 21:37:36.730  INFO 132 --- [main] org.xnio.nio                             : XNIO NIO Implementation Version 3.3.8.Final
2021-09-15 21:37:36.817  INFO 132 --- [main] ConditionEvaluationReportLoggingListener : 

Error starting ApplicationContext. To display the conditions report re-run your application with 'debug' enabled.
2021-09-15 21:37:36.822 ERROR 132 --- [main] lavalink.server.Launcher                 : Application failed

org.springframework.boot.web.server.PortInUseException: Port 2333 is already in use
	at org.springframework.boot.web.embedded.undertow.UndertowServletWebServer.start(UndertowServletWebServer.java:154) ~[spring-boot-2.1.8.RELEASE.jar!/:2.1.8.RELEASE]
	at org.springframework.boot.web.servlet.context.ServletWebServerApplicationContext.startWebServer(ServletWebServerApplicationContext.java:297) ~[spring-boot-2.1.8.RELEASE.jar!/:2.1.8.RELEASE]
	at org.springframework.boot.web.servlet.context.ServletWebServerApplicationContext.finishRefresh(ServletWebServerApplicationContext.java:163) ~[spring-boot-2.1.8.RELEASE.jar!/:2.1.8.RELEASE]
	at org.springframework.context.support.AbstractApplicationContext.refresh(AbstractApplicationContext.java:552) ~[spring-context-5.1.9.RELEASE.jar!/:5.1.9.RELEASE]
	at org.springframework.boot.web.servlet.context.ServletWebServerApplicationContext.refresh(ServletWebServerApplicationContext.java:141) ~[spring-boot-2.1.8.RELEASE.jar!/:2.1.8.RELEASE]
	at org.springframework.boot.SpringApplication.refresh(SpringApplication.java:744) ~[spring-boot-2.1.8.RELEASE.jar!/:2.1.8.RELEASE]
	at org.springframework.boot.SpringApplication.refreshContext(SpringApplication.java:391) ~[spring-boot-2.1.8.RELEASE.jar!/:2.1.8.RELEASE]
	at org.springframework.boot.SpringApplication.run(SpringApplication.java:312) ~[spring-boot-2.1.8.RELEASE.jar!/:2.1.8.RELEASE]
	at lavalink.server.Launcher.main(Launcher.kt:127) ~[classes!/:na]
	at java.base/jdk.internal.reflect.NativeMethodAccessorImpl.invoke0(Native Method) ~[na:na]
	at java.base/jdk.internal.reflect.NativeMethodAccessorImpl.invoke(NativeMethodAccessorImpl.java:62) ~[na:na]
	at java.base/jdk.internal.reflect.DelegatingMethodAccessorImpl.invoke(DelegatingMethodAccessorImpl.java:43) ~[na:na]
	at java.base/java.lang.reflect.Method.invoke(Method.java:566) ~[na:na]
	at org.springframework.boot.loader.MainMethodRunner.run(MainMethodRunner.java:48) ~[Lavalink.jar:na]
	at org.springframework.boot.loader.Launcher.launch(Launcher.java:87) ~[Lavalink.jar:na]
	at org.springframework.boot.loader.Launcher.launch(Launcher.java:51) ~[Lavalink.jar:na]
	at org.springframework.boot.loader.JarLauncher.main(JarLauncher.java:52) ~[Lavalink.jar:na]

2021-09-15 21:37:36.825 ERROR 132 --- [main] o.s.b.d.LoggingFailureAnalysisReporter   : 

***************************
APPLICATION FAILED TO START
***************************

Description:

Web server failed to start. Port 2333 was already in use.

Action:

Identify and stop the process that's listening on port 2333 or configure this application to listen on another port.

2021-09-15 21:37:36.829  INFO 132 --- [main] o.s.s.concurrent.ThreadPoolTaskExecutor  : Shutting down ExecutorService 'applicationTaskExecutor'
2021-09-15 21:37:36.830  INFO 132 --- [main] c.s.d.l.tools.GarbageCollectionMonitor   : GC monitoring disabled.
2021-09-15 21:37:38.839  INFO 14 --- [XNIO-1 task-1] io.undertow.servlet                      : Initializing Spring DispatcherServlet 'dispatcherServlet'
2021-09-15 21:37:38.840  INFO 14 --- [XNIO-1 task-1] o.s.web.servlet.DispatcherServlet        : Initializing Servlet 'dispatcherServlet'
2021-09-15 21:37:38.848  INFO 14 --- [XNIO-1 task-1] o.s.web.servlet.DispatcherServlet        : Completed initialization in 8 ms
2021-09-15 21:37:38.875  INFO 14 --- [XNIO-1 task-1] l.server.io.HandshakeInterceptorImpl     : Incoming connection from /127.0.0.1:35202
2021-09-15 21:37:38.948  INFO 14 --- [XNIO-1 task-1] lavalink.server.io.SocketServer          : Connection successfully established from /127.0.0.1:35202
2021-09-15 21:37:52.036  INFO 14 --- [XNIO-1 task-2] l.server.player.AudioLoaderRestHandler   : Got request to load for identifier "ytsearch:RIP Rythm"
2021-09-15 21:37:52.463  INFO 14 --- [XNIO-1 I/O-2] lavalink.server.io.SocketServer          : {"op": "voiceUpdate", "guildId": "730859265249509386", "sessionId": "4b49929ac05cf7c80975cfb70856ebec", "event": {"token": "ef43980283fb5634", "guild_id": "730859265249509386", "endpoint": "eu-central425.discord.media:443"}}
2021-09-15 21:37:52.981  INFO 14 --- [lava-daemon-pool-info-loader-2-thread-1] lavalink.server.player.AudioLoader       : Loaded playlist Search results for: RIP Rythm
2021-09-15 21:37:58.690  INFO 14 --- [XNIO-1 I/O-2] lavalink.server.io.SocketServer          : {"op": "play", "guildId": "730859265249509386", "track": "QAAAwgIAYVdoeSBEaXNjb3JkIE11c2ljIEJvdHMgQXJlIEdldHRpbmcgU2h1dCBEb3duPyAoUnl0aG0sIEdyb292eSwuLi4gKSAmIEludGVydmlld2luZyBHcm9vdnkgQ3JlYXRvciEAB1NobGFxbHUAAAAAAAdeuAALMXpJbGItOUowYVEAAQAraHR0cHM6Ly93d3cueW91dHViZS5jb20vd2F0Y2g/dj0xeklsYi05SjBhUQAHeW91dHViZQAAAAAAAAAA", "noReplace": false, "startTime": "0"}
2021-09-15 21:38:37.899  INFO 14 --- [XNIO-1 task-4] l.server.player.AudioLoaderRestHandler   : Got request to load for identifier "ytsearch:tf2 eye"
2021-09-15 21:38:38.526  INFO 14 --- [lava-daemon-pool-info-loader-2-thread-1] lavalink.server.player.AudioLoader       : Loaded playlist Search results for: tf2 eye
2021-09-15 21:39:04.288  INFO 14 --- [XNIO-1 I/O-2] lavalink.server.io.SocketServer          : {"op": "stop", "guildId": "730859265249509386"}
2021-09-15 21:39:04.291  INFO 14 --- [XNIO-1 I/O-2] lavalink.server.io.SocketServer          : {"op": "play", "guildId": "730859265249509386", "track": "QAAAhAIAJFRGMjogUHJvZmVzc2lvbmFsIEtpbGxzdHJlYWsgRWZmZWN0cwAGWGFuZGVyAAAAAAAN5pgAC1VyMjFKVFNwQ2gwAAEAK2h0dHBzOi8vd3d3LnlvdXR1YmUuY29tL3dhdGNoP3Y9VXIyMUpUU3BDaDAAB3lvdXR1YmUAAAAAAAAAAA==", "noReplace": false, "startTime": "0"}
2021-09-15 21:39:27.359  INFO 14 --- [XNIO-1 task-6] l.server.player.AudioLoaderRestHandler   : Got request to load for identifier "https://www.youtube.com/watch?v=ARmqJ0k0rCQ"
2021-09-15 21:39:27.938  INFO 14 --- [lava-daemon-pool-info-loader-2-thread-1] lavalink.server.player.AudioLoader       : Loaded track Morshu RTX ON Beatbox but it's vocoded to Gangsta's Paradise (1 HOUR)
2021-09-15 21:39:33.736  INFO 14 --- [XNIO-1 I/O-2] lavalink.server.io.SocketServer          : {"op": "stop", "guildId": "730859265249509386"}
2021-09-15 21:39:33.738  INFO 14 --- [XNIO-1 I/O-2] lavalink.server.io.SocketServer          : {"op": "play", "guildId": "730859265249509386", "track": "QAAApwIARU1vcnNodSBSVFggT04gQmVhdGJveCBidXQgaXQncyB2b2NvZGVkIHRvIEdhbmdzdGEncyBQYXJhZGlzZSAoMSBIT1VSKQAITWVtbmljdXMAAAAAADbugAALQVJtcUowazByQ1EAAQAraHR0cHM6Ly93d3cueW91dHViZS5jb20vd2F0Y2g/dj1BUm1xSjBrMHJDUQAHeW91dHViZQAAAAAAAAAA", "noReplace": false, "startTime": "0"}
2021-09-15 21:39:58.966  INFO 14 --- [XNIO-1 task-8] l.server.player.AudioLoaderRestHandler   : Got request to load for identifier "https://open.spotify.com/track/2CJlJKDRC3QXz070NHwaQQ?si=9ce4d36daeb34b27"
2021-09-15 21:39:59.162 ERROR 14 --- [lava-daemon-pool-info-loader-2-thread-1] lavalink.server.player.AudioLoader       : Load failed

com.sedmelluq.discord.lavaplayer.tools.FriendlyException: Unknown file format.
	at com.sedmelluq.discord.lavaplayer.source.ProbingAudioSourceManager.handleLoadResult(ProbingAudioSourceManager.java:34) ~[lavaplayer-1.3.76.jar!/:na]
	at com.sedmelluq.discord.lavaplayer.source.http.HttpAudioSourceManager.loadItem(HttpAudioSourceManager.java:81) ~[lavaplayer-1.3.76.jar!/:na]
	at com.sedmelluq.discord.lavaplayer.player.DefaultAudioPlayerManager.checkSourcesForItemOnce(DefaultAudioPlayerManager.java:436) ~[lavaplayer-1.3.76.jar!/:na]
	at com.sedmelluq.discord.lavaplayer.player.DefaultAudioPlayerManager.checkSourcesForItem(DefaultAudioPlayerManager.java:418) ~[lavaplayer-1.3.76.jar!/:na]
	at com.sedmelluq.discord.lavaplayer.player.DefaultAudioPlayerManager.lambda$createItemLoader$0(DefaultAudioPlayerManager.java:217) ~[lavaplayer-1.3.76.jar!/:na]
	at java.base/java.util.concurrent.FutureTask.run(FutureTask.java:264) ~[na:na]
	at java.base/java.util.concurrent.ThreadPoolExecutor.runWorker(ThreadPoolExecutor.java:1128) ~[na:na]
	at java.base/java.util.concurrent.ThreadPoolExecutor$Worker.run(ThreadPoolExecutor.java:628) ~[na:na]
	at java.base/java.lang.Thread.run(Thread.java:829) ~[na:na]
	Suppressed: com.sedmelluq.discord.lavaplayer.tools.exception.EnvironmentInformation: 
  lavaplayer.version: 1.3.76
  os.arch: amd64
  os.name: Linux
  os.version: 5.11.0-1018-gcp
  java.vendor: Ubuntu
  java.version: 11.0.11
  java.runtime.version: 11.0.11+9-Ubuntu-0ubuntu2.18.04
  java.vm.version: 11.0.11+9-Ubuntu-0ubuntu2.18.04

2021-09-15 21:39:59.163 ERROR 14 --- [lava-daemon-pool-info-loader-2-thread-1] l.server.player.AudioLoaderRestHandler   : Track loading failed

com.sedmelluq.discord.lavaplayer.tools.FriendlyException: Unknown file format.
	at com.sedmelluq.discord.lavaplayer.source.ProbingAudioSourceManager.handleLoadResult(ProbingAudioSourceManager.java:34) ~[lavaplayer-1.3.76.jar!/:na]
	at com.sedmelluq.discord.lavaplayer.source.http.HttpAudioSourceManager.loadItem(HttpAudioSourceManager.java:81) ~[lavaplayer-1.3.76.jar!/:na]
	at com.sedmelluq.discord.lavaplayer.player.DefaultAudioPlayerManager.checkSourcesForItemOnce(DefaultAudioPlayerManager.java:436) ~[lavaplayer-1.3.76.jar!/:na]
	at com.sedmelluq.discord.lavaplayer.player.DefaultAudioPlayerManager.checkSourcesForItem(DefaultAudioPlayerManager.java:418) ~[lavaplayer-1.3.76.jar!/:na]
	at com.sedmelluq.discord.lavaplayer.player.DefaultAudioPlayerManager.lambda$createItemLoader$0(DefaultAudioPlayerManager.java:217) ~[lavaplayer-1.3.76.jar!/:na]
	at java.base/java.util.concurrent.FutureTask.run(FutureTask.java:264) ~[na:na]
	at java.base/java.util.concurrent.ThreadPoolExecutor.runWorker(ThreadPoolExecutor.java:1128) ~[na:na]
	at java.base/java.util.concurrent.ThreadPoolExecutor$Worker.run(ThreadPoolExecutor.java:628) ~[na:na]
	at java.base/java.lang.Thread.run(Thread.java:829) ~[na:na]
	Suppressed: com.sedmelluq.discord.lavaplayer.tools.exception.EnvironmentInformation: 
  lavaplayer.version: 1.3.76
  os.arch: amd64
  os.name: Linux
  os.version: 5.11.0-1018-gcp
  java.vendor: Ubuntu
  java.version: 11.0.11
  java.runtime.version: 11.0.11+9-Ubuntu-0ubuntu2.18.04
  java.vm.version: 11.0.11+9-Ubuntu-0ubuntu2.18.04

2021-09-15 21:41:12.289  INFO 14 --- [XNIO-1 task-10] l.server.player.AudioLoaderRestHandler   : Got request to load for identifier "https://www.youtube.com/watch?v=p_Pr-hxXheE"
2021-09-15 21:41:12.567  INFO 14 --- [lava-daemon-pool-info-loader-2-thread-1] lavalink.server.player.AudioLoader       : Loaded track demoman tf2 *earrape warning*
2021-09-15 21:41:16.707  INFO 14 --- [XNIO-1 I/O-2] lavalink.server.io.SocketServer          : {"op": "stop", "guildId": "730859265249509386"}
2021-09-15 21:41:16.709  INFO 14 --- [XNIO-1 I/O-2] lavalink.server.io.SocketServer          : {"op": "play", "guildId": "730859265249509386", "track": "QAAAgwIAHWRlbW9tYW4gdGYyICplYXJyYXBlIHdhcm5pbmcqAAxVU2Z5cmVHYW1pbmcAAAAAAABhqAALcF9Qci1oeFhoZUUAAQAraHR0cHM6Ly93d3cueW91dHViZS5jb20vd2F0Y2g/dj1wX1ByLWh4WGhlRQAHeW91dHViZQAAAAAAAAAA", "noReplace": false, "startTime": "0"}
2021-09-15 21:41:42.097  INFO 14 --- [XNIO-1 I/O-2] lavalink.server.io.SocketServer          : {"op": "volume", "guildId": "730859265249509386", "volume": 150}
2021-09-15 21:41:55.082  INFO 14 --- [XNIO-1 I/O-2] lavalink.server.io.SocketServer          : {"op": "volume", "guildId": "730859265249509386", "volume": 100}
